Determining if the pthread_create exist failed with the following output:
Change Dir: /home/xy/hrwros_ws/build/hrwros_gazebo/CMakeFiles/CMakeTmp

Run Build Command:"/usr/bin/make" "cmTC_fb9bf/fast"
/usr/bin/make -f CMakeFiles/cmTC_fb9bf.dir/build.make CMakeFiles/cmTC_fb9bf.dir/build
make[1]: Entering directory '/home/xy/hrwros_ws/build/hrwros_gazebo/CMakeFiles/CMakeTmp'
Building C object CMakeFiles/cmTC_fb9bf.dir/CheckSymbolExists.c.o
/usr/bin/cc    -o CMakeFiles/cmTC_fb9bf.dir/CheckSymbolExists.c.o   -c /home/xy/hrwros_ws/build/hrwros_gazebo/CMakeFiles/CMakeTmp/CheckSymbolExists.c
Linking C executable cmTC_fb9bf
/usr/bin/cmake -E cmake_link_script CMakeFiles/cmTC_fb9bf.dir/link.txt --verbose=1
/usr/bin/cc      -rdynamic CMakeFiles/cmTC_fb9bf.dir/CheckSymbolExists.c.o  -o cmTC_fb9bf 
CMakeFiles/cmTC_fb9bf.dir/CheckSymbolExists.c.o: In function `main':
CheckSymbolExists.c:(.text+0x1b): undefined reference to `pthread_create'
collect2: error: ld returned 1 exit status
CMakeFiles/cmTC_fb9bf.dir/build.make:97: recipe for target 'cmTC_fb9bf' failed
make[1]: *** [cmTC_fb9bf] Error 1
make[1]: Leaving directory '/home/xy/hrwros_ws/build/hrwros_gazebo/CMakeFiles/CMakeTmp'
Makefile:126: recipe for target 'cmTC_fb9bf/fast' failed
make: *** [cmTC_fb9bf/fast] Error 2

File /home/xy/hrwros_ws/build/hrwros_gazebo/CMakeFiles/CMakeTmp/CheckSymbolExists.c:
/* */
#include <pthread.h>

int main(int argc, char** argv)
{
  (void)argv;
#ifndef pthread_create
  return ((int*)(&pthread_create))[argc];
#else
  (void)argc;
  return 0;
#endif
}

Determining if the function pthread_create exists in the pthreads failed with the following output:
Change Dir: /home/xy/hrwros_ws/build/hrwros_gazebo/CMakeFiles/CMakeTmp

Run Build Command:"/usr/bin/make" "cmTC_ae1bb/fast"
/usr/bin/make -f CMakeFiles/cmTC_ae1bb.dir/build.make CMakeFiles/cmTC_ae1bb.dir/build
make[1]: Entering directory '/home/xy/hrwros_ws/build/hrwros_gazebo/CMakeFiles/CMakeTmp'
Building C object CMakeFiles/cmTC_ae1bb.dir/CheckFunctionExists.c.o
/usr/bin/cc   -DCHECK_FUNCTION_EXISTS=pthread_create   -o CMakeFiles/cmTC_ae1bb.dir/CheckFunctionExists.c.o   -c /usr/share/cmake-3.10/Modules/CheckFunctionExists.c
Linking C executable cmTC_ae1bb
/usr/bin/cmake -E cmake_link_script CMakeFiles/cmTC_ae1bb.dir/link.txt --verbose=1
/usr/bin/cc  -DCHECK_FUNCTION_EXISTS=pthread_create    -rdynamic CMakeFiles/cmTC_ae1bb.dir/CheckFunctionExists.c.o  -o cmTC_ae1bb -lpthreads 
/usr/bin/ld: cannot find -lpthreads
collect2: error: ld returned 1 exit status
CMakeFiles/cmTC_ae1bb.dir/build.make:97: recipe for target 'cmTC_ae1bb' failed
make[1]: *** [cmTC_ae1bb] Error 1
make[1]: Leaving directory '/home/xy/hrwros_ws/build/hrwros_gazebo/CMakeFiles/CMakeTmp'
Makefile:126: recipe for target 'cmTC_ae1bb/fast' failed
make: *** [cmTC_ae1bb/fast] Error 2


