Determining if the pthread_create exist failed with the following output:
Change Dir: /home/xy/hrwros_ws/build/hrwros_week4/CMakeFiles/CMakeTmp

Run Build Command:"/usr/bin/make" "cmTC_04c6e/fast"
/usr/bin/make -f CMakeFiles/cmTC_04c6e.dir/build.make CMakeFiles/cmTC_04c6e.dir/build
make[1]: Entering directory '/home/xy/hrwros_ws/build/hrwros_week4/CMakeFiles/CMakeTmp'
Building C object CMakeFiles/cmTC_04c6e.dir/CheckSymbolExists.c.o
/usr/bin/cc    -o CMakeFiles/cmTC_04c6e.dir/CheckSymbolExists.c.o   -c /home/xy/hrwros_ws/build/hrwros_week4/CMakeFiles/CMakeTmp/CheckSymbolExists.c
Linking C executable cmTC_04c6e
/usr/bin/cmake -E cmake_link_script CMakeFiles/cmTC_04c6e.dir/link.txt --verbose=1
/usr/bin/cc      -rdynamic CMakeFiles/cmTC_04c6e.dir/CheckSymbolExists.c.o  -o cmTC_04c6e 
CMakeFiles/cmTC_04c6e.dir/CheckSymbolExists.c.o: In function `main':
CheckSymbolExists.c:(.text+0x1b): undefined reference to `pthread_create'
collect2: error: ld returned 1 exit status
CMakeFiles/cmTC_04c6e.dir/build.make:97: recipe for target 'cmTC_04c6e' failed
make[1]: *** [cmTC_04c6e] Error 1
make[1]: Leaving directory '/home/xy/hrwros_ws/build/hrwros_week4/CMakeFiles/CMakeTmp'
Makefile:126: recipe for target 'cmTC_04c6e/fast' failed
make: *** [cmTC_04c6e/fast] Error 2

File /home/xy/hrwros_ws/build/hrwros_week4/CMakeFiles/CMakeTmp/CheckSymbolExists.c:
/* */
#include <pthread.h>

int main(int argc, char** argv)
{
  (void)argv;
#ifndef pthread_create
  return ((int*)(&pthread_create))[argc];
#else
  (void)argc;
  return 0;
#endif
}

Determining if the function pthread_create exists in the pthreads failed with the following output:
Change Dir: /home/xy/hrwros_ws/build/hrwros_week4/CMakeFiles/CMakeTmp

Run Build Command:"/usr/bin/make" "cmTC_d0a6a/fast"
/usr/bin/make -f CMakeFiles/cmTC_d0a6a.dir/build.make CMakeFiles/cmTC_d0a6a.dir/build
make[1]: Entering directory '/home/xy/hrwros_ws/build/hrwros_week4/CMakeFiles/CMakeTmp'
Building C object CMakeFiles/cmTC_d0a6a.dir/CheckFunctionExists.c.o
/usr/bin/cc   -DCHECK_FUNCTION_EXISTS=pthread_create   -o CMakeFiles/cmTC_d0a6a.dir/CheckFunctionExists.c.o   -c /usr/share/cmake-3.10/Modules/CheckFunctionExists.c
Linking C executable cmTC_d0a6a
/usr/bin/cmake -E cmake_link_script CMakeFiles/cmTC_d0a6a.dir/link.txt --verbose=1
/usr/bin/cc  -DCHECK_FUNCTION_EXISTS=pthread_create    -rdynamic CMakeFiles/cmTC_d0a6a.dir/CheckFunctionExists.c.o  -o cmTC_d0a6a -lpthreads 
/usr/bin/ld: cannot find -lpthreads
collect2: error: ld returned 1 exit status
CMakeFiles/cmTC_d0a6a.dir/build.make:97: recipe for target 'cmTC_d0a6a' failed
make[1]: *** [cmTC_d0a6a] Error 1
make[1]: Leaving directory '/home/xy/hrwros_ws/build/hrwros_week4/CMakeFiles/CMakeTmp'
Makefile:126: recipe for target 'cmTC_d0a6a/fast' failed
make: *** [cmTC_d0a6a/fast] Error 2


