Determining if the pthread_create exist failed with the following output:
Change Dir: /home/xy/hrwros_ws/build/hrwros_support/CMakeFiles/CMakeTmp

Run Build Command:"/usr/bin/make" "cmTC_0910e/fast"
/usr/bin/make -f CMakeFiles/cmTC_0910e.dir/build.make CMakeFiles/cmTC_0910e.dir/build
make[1]: Entering directory '/home/xy/hrwros_ws/build/hrwros_support/CMakeFiles/CMakeTmp'
Building C object CMakeFiles/cmTC_0910e.dir/CheckSymbolExists.c.o
/usr/bin/cc    -o CMakeFiles/cmTC_0910e.dir/CheckSymbolExists.c.o   -c /home/xy/hrwros_ws/build/hrwros_support/CMakeFiles/CMakeTmp/CheckSymbolExists.c
Linking C executable cmTC_0910e
/usr/bin/cmake -E cmake_link_script CMakeFiles/cmTC_0910e.dir/link.txt --verbose=1
/usr/bin/cc      -rdynamic CMakeFiles/cmTC_0910e.dir/CheckSymbolExists.c.o  -o cmTC_0910e 
CMakeFiles/cmTC_0910e.dir/CheckSymbolExists.c.o: In function `main':
CheckSymbolExists.c:(.text+0x1b): undefined reference to `pthread_create'
collect2: error: ld returned 1 exit status
CMakeFiles/cmTC_0910e.dir/build.make:97: recipe for target 'cmTC_0910e' failed
make[1]: *** [cmTC_0910e] Error 1
make[1]: Leaving directory '/home/xy/hrwros_ws/build/hrwros_support/CMakeFiles/CMakeTmp'
Makefile:126: recipe for target 'cmTC_0910e/fast' failed
make: *** [cmTC_0910e/fast] Error 2

File /home/xy/hrwros_ws/build/hrwros_support/CMakeFiles/CMakeTmp/CheckSymbolExists.c:
/* */
#include <pthread.h>

int main(int argc, char** argv)
{
  (void)argv;
#ifndef pthread_create
  return ((int*)(&pthread_create))[argc];
#else
  (void)argc;
  return 0;
#endif
}

Determining if the function pthread_create exists in the pthreads failed with the following output:
Change Dir: /home/xy/hrwros_ws/build/hrwros_support/CMakeFiles/CMakeTmp

Run Build Command:"/usr/bin/make" "cmTC_5da78/fast"
/usr/bin/make -f CMakeFiles/cmTC_5da78.dir/build.make CMakeFiles/cmTC_5da78.dir/build
make[1]: Entering directory '/home/xy/hrwros_ws/build/hrwros_support/CMakeFiles/CMakeTmp'
Building C object CMakeFiles/cmTC_5da78.dir/CheckFunctionExists.c.o
/usr/bin/cc   -DCHECK_FUNCTION_EXISTS=pthread_create   -o CMakeFiles/cmTC_5da78.dir/CheckFunctionExists.c.o   -c /usr/share/cmake-3.10/Modules/CheckFunctionExists.c
Linking C executable cmTC_5da78
/usr/bin/cmake -E cmake_link_script CMakeFiles/cmTC_5da78.dir/link.txt --verbose=1
/usr/bin/cc  -DCHECK_FUNCTION_EXISTS=pthread_create    -rdynamic CMakeFiles/cmTC_5da78.dir/CheckFunctionExists.c.o  -o cmTC_5da78 -lpthreads 
/usr/bin/ld: cannot find -lpthreads
collect2: error: ld returned 1 exit status
CMakeFiles/cmTC_5da78.dir/build.make:97: recipe for target 'cmTC_5da78' failed
make[1]: *** [cmTC_5da78] Error 1
make[1]: Leaving directory '/home/xy/hrwros_ws/build/hrwros_support/CMakeFiles/CMakeTmp'
Makefile:126: recipe for target 'cmTC_5da78/fast' failed
make: *** [cmTC_5da78/fast] Error 2


