Determining if the pthread_create exist failed with the following output:
Change Dir: /home/xy/hrwros_ws/build/catkin_tools_prebuild/CMakeFiles/CMakeTmp

Run Build Command:"/usr/bin/make" "cmTC_b459b/fast"
/usr/bin/make -f CMakeFiles/cmTC_b459b.dir/build.make CMakeFiles/cmTC_b459b.dir/build
make[1]: Entering directory '/home/xy/hrwros_ws/build/catkin_tools_prebuild/CMakeFiles/CMakeTmp'
Building C object CMakeFiles/cmTC_b459b.dir/CheckSymbolExists.c.o
/usr/bin/cc    -o CMakeFiles/cmTC_b459b.dir/CheckSymbolExists.c.o   -c /home/xy/hrwros_ws/build/catkin_tools_prebuild/CMakeFiles/CMakeTmp/CheckSymbolExists.c
Linking C executable cmTC_b459b
/usr/bin/cmake -E cmake_link_script CMakeFiles/cmTC_b459b.dir/link.txt --verbose=1
/usr/bin/cc      -rdynamic CMakeFiles/cmTC_b459b.dir/CheckSymbolExists.c.o  -o cmTC_b459b 
CMakeFiles/cmTC_b459b.dir/CheckSymbolExists.c.o: In function `main':
CheckSymbolExists.c:(.text+0x1b): undefined reference to `pthread_create'
collect2: error: ld returned 1 exit status
CMakeFiles/cmTC_b459b.dir/build.make:97: recipe for target 'cmTC_b459b' failed
make[1]: *** [cmTC_b459b] Error 1
make[1]: Leaving directory '/home/xy/hrwros_ws/build/catkin_tools_prebuild/CMakeFiles/CMakeTmp'
Makefile:126: recipe for target 'cmTC_b459b/fast' failed
make: *** [cmTC_b459b/fast] Error 2

File /home/xy/hrwros_ws/build/catkin_tools_prebuild/CMakeFiles/CMakeTmp/CheckSymbolExists.c:
/* */
#include <pthread.h>

int main(int argc, char** argv)
{
  (void)argv;
#ifndef pthread_create
  return ((int*)(&pthread_create))[argc];
#else
  (void)argc;
  return 0;
#endif
}

Determining if the function pthread_create exists in the pthreads failed with the following output:
Change Dir: /home/xy/hrwros_ws/build/catkin_tools_prebuild/CMakeFiles/CMakeTmp

Run Build Command:"/usr/bin/make" "cmTC_66890/fast"
/usr/bin/make -f CMakeFiles/cmTC_66890.dir/build.make CMakeFiles/cmTC_66890.dir/build
make[1]: Entering directory '/home/xy/hrwros_ws/build/catkin_tools_prebuild/CMakeFiles/CMakeTmp'
Building C object CMakeFiles/cmTC_66890.dir/CheckFunctionExists.c.o
/usr/bin/cc   -DCHECK_FUNCTION_EXISTS=pthread_create   -o CMakeFiles/cmTC_66890.dir/CheckFunctionExists.c.o   -c /usr/share/cmake-3.10/Modules/CheckFunctionExists.c
Linking C executable cmTC_66890
/usr/bin/cmake -E cmake_link_script CMakeFiles/cmTC_66890.dir/link.txt --verbose=1
/usr/bin/cc  -DCHECK_FUNCTION_EXISTS=pthread_create    -rdynamic CMakeFiles/cmTC_66890.dir/CheckFunctionExists.c.o  -o cmTC_66890 -lpthreads 
/usr/bin/ld: cannot find -lpthreads
collect2: error: ld returned 1 exit status
CMakeFiles/cmTC_66890.dir/build.make:97: recipe for target 'cmTC_66890' failed
make[1]: *** [cmTC_66890] Error 1
make[1]: Leaving directory '/home/xy/hrwros_ws/build/catkin_tools_prebuild/CMakeFiles/CMakeTmp'
Makefile:126: recipe for target 'cmTC_66890/fast' failed
make: *** [cmTC_66890/fast] Error 2


