Determining if the pthread_create exist failed with the following output:
Change Dir: /home/xy/hrwros_ws/build/hrwros_msgs/CMakeFiles/CMakeTmp

Run Build Command:"/usr/bin/make" "cmTC_eeab8/fast"
/usr/bin/make -f CMakeFiles/cmTC_eeab8.dir/build.make CMakeFiles/cmTC_eeab8.dir/build
make[1]: Entering directory '/home/xy/hrwros_ws/build/hrwros_msgs/CMakeFiles/CMakeTmp'
Building C object CMakeFiles/cmTC_eeab8.dir/CheckSymbolExists.c.o
/usr/bin/cc    -o CMakeFiles/cmTC_eeab8.dir/CheckSymbolExists.c.o   -c /home/xy/hrwros_ws/build/hrwros_msgs/CMakeFiles/CMakeTmp/CheckSymbolExists.c
Linking C executable cmTC_eeab8
/usr/bin/cmake -E cmake_link_script CMakeFiles/cmTC_eeab8.dir/link.txt --verbose=1
/usr/bin/cc      -rdynamic CMakeFiles/cmTC_eeab8.dir/CheckSymbolExists.c.o  -o cmTC_eeab8 
CMakeFiles/cmTC_eeab8.dir/CheckSymbolExists.c.o: In function `main':
CheckSymbolExists.c:(.text+0x1b): undefined reference to `pthread_create'
collect2: error: ld returned 1 exit status
CMakeFiles/cmTC_eeab8.dir/build.make:97: recipe for target 'cmTC_eeab8' failed
make[1]: *** [cmTC_eeab8] Error 1
make[1]: Leaving directory '/home/xy/hrwros_ws/build/hrwros_msgs/CMakeFiles/CMakeTmp'
Makefile:126: recipe for target 'cmTC_eeab8/fast' failed
make: *** [cmTC_eeab8/fast] Error 2

File /home/xy/hrwros_ws/build/hrwros_msgs/CMakeFiles/CMakeTmp/CheckSymbolExists.c:
/* */
#include <pthread.h>

int main(int argc, char** argv)
{
  (void)argv;
#ifndef pthread_create
  return ((int*)(&pthread_create))[argc];
#else
  (void)argc;
  return 0;
#endif
}

Determining if the function pthread_create exists in the pthreads failed with the following output:
Change Dir: /home/xy/hrwros_ws/build/hrwros_msgs/CMakeFiles/CMakeTmp

Run Build Command:"/usr/bin/make" "cmTC_62970/fast"
/usr/bin/make -f CMakeFiles/cmTC_62970.dir/build.make CMakeFiles/cmTC_62970.dir/build
make[1]: Entering directory '/home/xy/hrwros_ws/build/hrwros_msgs/CMakeFiles/CMakeTmp'
Building C object CMakeFiles/cmTC_62970.dir/CheckFunctionExists.c.o
/usr/bin/cc   -DCHECK_FUNCTION_EXISTS=pthread_create   -o CMakeFiles/cmTC_62970.dir/CheckFunctionExists.c.o   -c /usr/share/cmake-3.10/Modules/CheckFunctionExists.c
Linking C executable cmTC_62970
/usr/bin/cmake -E cmake_link_script CMakeFiles/cmTC_62970.dir/link.txt --verbose=1
/usr/bin/cc  -DCHECK_FUNCTION_EXISTS=pthread_create    -rdynamic CMakeFiles/cmTC_62970.dir/CheckFunctionExists.c.o  -o cmTC_62970 -lpthreads 
/usr/bin/ld: cannot find -lpthreads
collect2: error: ld returned 1 exit status
CMakeFiles/cmTC_62970.dir/build.make:97: recipe for target 'cmTC_62970' failed
make[1]: *** [cmTC_62970] Error 1
make[1]: Leaving directory '/home/xy/hrwros_ws/build/hrwros_msgs/CMakeFiles/CMakeTmp'
Makefile:126: recipe for target 'cmTC_62970/fast' failed
make: *** [cmTC_62970/fast] Error 2


