Determining if the pthread_create exist failed with the following output:
Change Dir: /home/xy/hrwros_ws/build/behavior_pick_part_from_conveyor/CMakeFiles/CMakeTmp

Run Build Command:"/usr/bin/make" "cmTC_5cf8d/fast"
/usr/bin/make -f CMakeFiles/cmTC_5cf8d.dir/build.make CMakeFiles/cmTC_5cf8d.dir/build
make[1]: Entering directory '/home/xy/hrwros_ws/build/behavior_pick_part_from_conveyor/CMakeFiles/CMakeTmp'
Building C object CMakeFiles/cmTC_5cf8d.dir/CheckSymbolExists.c.o
/usr/bin/cc    -o CMakeFiles/cmTC_5cf8d.dir/CheckSymbolExists.c.o   -c /home/xy/hrwros_ws/build/behavior_pick_part_from_conveyor/CMakeFiles/CMakeTmp/CheckSymbolExists.c
Linking C executable cmTC_5cf8d
/usr/bin/cmake -E cmake_link_script CMakeFiles/cmTC_5cf8d.dir/link.txt --verbose=1
/usr/bin/cc      -rdynamic CMakeFiles/cmTC_5cf8d.dir/CheckSymbolExists.c.o  -o cmTC_5cf8d 
CMakeFiles/cmTC_5cf8d.dir/CheckSymbolExists.c.o: In function `main':
CheckSymbolExists.c:(.text+0x1b): undefined reference to `pthread_create'
collect2: error: ld returned 1 exit status
CMakeFiles/cmTC_5cf8d.dir/build.make:97: recipe for target 'cmTC_5cf8d' failed
make[1]: *** [cmTC_5cf8d] Error 1
make[1]: Leaving directory '/home/xy/hrwros_ws/build/behavior_pick_part_from_conveyor/CMakeFiles/CMakeTmp'
Makefile:126: recipe for target 'cmTC_5cf8d/fast' failed
make: *** [cmTC_5cf8d/fast] Error 2

File /home/xy/hrwros_ws/build/behavior_pick_part_from_conveyor/CMakeFiles/CMakeTmp/CheckSymbolExists.c:
/* */
#include <pthread.h>

int main(int argc, char** argv)
{
  (void)argv;
#ifndef pthread_create
  return ((int*)(&pthread_create))[argc];
#else
  (void)argc;
  return 0;
#endif
}

Determining if the function pthread_create exists in the pthreads failed with the following output:
Change Dir: /home/xy/hrwros_ws/build/behavior_pick_part_from_conveyor/CMakeFiles/CMakeTmp

Run Build Command:"/usr/bin/make" "cmTC_d8cf1/fast"
/usr/bin/make -f CMakeFiles/cmTC_d8cf1.dir/build.make CMakeFiles/cmTC_d8cf1.dir/build
make[1]: Entering directory '/home/xy/hrwros_ws/build/behavior_pick_part_from_conveyor/CMakeFiles/CMakeTmp'
Building C object CMakeFiles/cmTC_d8cf1.dir/CheckFunctionExists.c.o
/usr/bin/cc   -DCHECK_FUNCTION_EXISTS=pthread_create   -o CMakeFiles/cmTC_d8cf1.dir/CheckFunctionExists.c.o   -c /usr/share/cmake-3.10/Modules/CheckFunctionExists.c
Linking C executable cmTC_d8cf1
/usr/bin/cmake -E cmake_link_script CMakeFiles/cmTC_d8cf1.dir/link.txt --verbose=1
/usr/bin/cc  -DCHECK_FUNCTION_EXISTS=pthread_create    -rdynamic CMakeFiles/cmTC_d8cf1.dir/CheckFunctionExists.c.o  -o cmTC_d8cf1 -lpthreads 
/usr/bin/ld: cannot find -lpthreads
collect2: error: ld returned 1 exit status
CMakeFiles/cmTC_d8cf1.dir/build.make:97: recipe for target 'cmTC_d8cf1' failed
make[1]: *** [cmTC_d8cf1] Error 1
make[1]: Leaving directory '/home/xy/hrwros_ws/build/behavior_pick_part_from_conveyor/CMakeFiles/CMakeTmp'
Makefile:126: recipe for target 'cmTC_d8cf1/fast' failed
make: *** [cmTC_d8cf1/fast] Error 2


