Determining if the pthread_create exist failed with the following output:
Change Dir: /home/xy/hrwros_ws/build/week4_moveit_config/CMakeFiles/CMakeTmp

Run Build Command:"/usr/bin/make" "cmTC_bce93/fast"
/usr/bin/make -f CMakeFiles/cmTC_bce93.dir/build.make CMakeFiles/cmTC_bce93.dir/build
make[1]: Entering directory '/home/xy/hrwros_ws/build/week4_moveit_config/CMakeFiles/CMakeTmp'
Building C object CMakeFiles/cmTC_bce93.dir/CheckSymbolExists.c.o
/usr/bin/cc    -o CMakeFiles/cmTC_bce93.dir/CheckSymbolExists.c.o   -c /home/xy/hrwros_ws/build/week4_moveit_config/CMakeFiles/CMakeTmp/CheckSymbolExists.c
Linking C executable cmTC_bce93
/usr/bin/cmake -E cmake_link_script CMakeFiles/cmTC_bce93.dir/link.txt --verbose=1
/usr/bin/cc      -rdynamic CMakeFiles/cmTC_bce93.dir/CheckSymbolExists.c.o  -o cmTC_bce93 
CMakeFiles/cmTC_bce93.dir/CheckSymbolExists.c.o: In function `main':
CheckSymbolExists.c:(.text+0x1b): undefined reference to `pthread_create'
collect2: error: ld returned 1 exit status
CMakeFiles/cmTC_bce93.dir/build.make:97: recipe for target 'cmTC_bce93' failed
make[1]: *** [cmTC_bce93] Error 1
make[1]: Leaving directory '/home/xy/hrwros_ws/build/week4_moveit_config/CMakeFiles/CMakeTmp'
Makefile:126: recipe for target 'cmTC_bce93/fast' failed
make: *** [cmTC_bce93/fast] Error 2

File /home/xy/hrwros_ws/build/week4_moveit_config/CMakeFiles/CMakeTmp/CheckSymbolExists.c:
/* */
#include <pthread.h>

int main(int argc, char** argv)
{
  (void)argv;
#ifndef pthread_create
  return ((int*)(&pthread_create))[argc];
#else
  (void)argc;
  return 0;
#endif
}

Determining if the function pthread_create exists in the pthreads failed with the following output:
Change Dir: /home/xy/hrwros_ws/build/week4_moveit_config/CMakeFiles/CMakeTmp

Run Build Command:"/usr/bin/make" "cmTC_a546f/fast"
/usr/bin/make -f CMakeFiles/cmTC_a546f.dir/build.make CMakeFiles/cmTC_a546f.dir/build
make[1]: Entering directory '/home/xy/hrwros_ws/build/week4_moveit_config/CMakeFiles/CMakeTmp'
Building C object CMakeFiles/cmTC_a546f.dir/CheckFunctionExists.c.o
/usr/bin/cc   -DCHECK_FUNCTION_EXISTS=pthread_create   -o CMakeFiles/cmTC_a546f.dir/CheckFunctionExists.c.o   -c /usr/share/cmake-3.10/Modules/CheckFunctionExists.c
Linking C executable cmTC_a546f
/usr/bin/cmake -E cmake_link_script CMakeFiles/cmTC_a546f.dir/link.txt --verbose=1
/usr/bin/cc  -DCHECK_FUNCTION_EXISTS=pthread_create    -rdynamic CMakeFiles/cmTC_a546f.dir/CheckFunctionExists.c.o  -o cmTC_a546f -lpthreads 
/usr/bin/ld: cannot find -lpthreads
collect2: error: ld returned 1 exit status
CMakeFiles/cmTC_a546f.dir/build.make:97: recipe for target 'cmTC_a546f' failed
make[1]: *** [cmTC_a546f] Error 1
make[1]: Leaving directory '/home/xy/hrwros_ws/build/week4_moveit_config/CMakeFiles/CMakeTmp'
Makefile:126: recipe for target 'cmTC_a546f/fast' failed
make: *** [cmTC_a546f/fast] Error 2


