[  0%] Built target _hrwros_msgs_generate_messages_check_deps_CounterWithDelayResult
[  0%] Built target _hrwros_msgs_generate_messages_check_deps_CounterWithDelayActionGoal
[  0%] Built target moveit_msgs_generate_messages_lisp
[  0%] Built target trajectory_msgs_generate_messages_lisp
[  0%] Built target _hrwros_msgs_generate_messages_check_deps_SensorInformation
[  0%] Built target geometry_msgs_generate_messages_lisp
[  0%] Built target _hrwros_msgs_generate_messages_check_deps_CounterWithDelayAction
[  0%] Built target _hrwros_msgs_generate_messages_check_deps_BoxHeightInformation
[  0%] Built target std_msgs_generate_messages_lisp
[  0%] Built target _hrwros_msgs_generate_messages_check_deps_CounterWithDelayGoal
[  0%] Built target _hrwros_msgs_generate_messages_check_deps_CounterWithDelayFeedback
[  0%] Built target _hrwros_msgs_generate_messages_check_deps_RobotTrajectories
[  0%] Built target _hrwros_msgs_generate_messages_check_deps_ObjectDetection
[  0%] Built target _hrwros_msgs_generate_messages_check_deps_TargetToolPoses
[  0%] Built target actionlib_msgs_generate_messages_lisp
[  0%] Built target _hrwros_msgs_generate_messages_check_deps_CounterWithDelayActionResult
[  0%] Built target _hrwros_msgs_generate_messages_check_deps_CounterWithDelayActionFeedback
[  0%] Built target geometry_msgs_generate_messages_py
[  0%] Built target _hrwros_msgs_generate_messages_check_deps_ConvertMetresToFeet
[  0%] Built target std_msgs_generate_messages_py
[  0%] Built target moveit_msgs_generate_messages_py
[  0%] Built target trajectory_msgs_generate_messages_py
[  0%] Built target actionlib_msgs_generate_messages_py
[  0%] Built target trajectory_msgs_generate_messages_nodejs
[  0%] Built target actionlib_msgs_generate_messages_nodejs
[  0%] Built target moveit_msgs_generate_messages_nodejs
[  0%] Built target std_msgs_generate_messages_nodejs
[  0%] Built target geometry_msgs_generate_messages_nodejs
[  0%] Built target trajectory_msgs_generate_messages_eus
[  0%] Built target moveit_msgs_generate_messages_eus
[  0%] Built target geometry_msgs_generate_messages_eus
[  0%] Built target std_msgs_generate_messages_eus
[  0%] Built target actionlib_msgs_generate_messages_eus
[  0%] Built target std_msgs_generate_messages_cpp
[  0%] Built target moveit_msgs_generate_messages_cpp
[  0%] Built target trajectory_msgs_generate_messages_cpp
[  0%] Built target actionlib_msgs_generate_messages_cpp
[  0%] Built target geometry_msgs_generate_messages_cpp
[  1%] [34m[1mGenerating Lisp code from hrwros_msgs/CounterWithDelayFeedback.msg[0m
[  2%] [34m[1mGenerating Python from MSG hrwros_msgs/CounterWithDelayFeedback[0m
[  4%] [34m[1mGenerating Lisp code from hrwros_msgs/CounterWithDelayAction.msg[0m
[  5%] [34m[1mGenerating Lisp code from hrwros_msgs/CounterWithDelayResult.msg[0m
[  7%] [34m[1mGenerating Python from MSG hrwros_msgs/CounterWithDelayAction[0m
[  8%] [34m[1mGenerating Lisp code from hrwros_msgs/CounterWithDelayActionResult.msg[0m
[ 10%] [34m[1mGenerating Lisp code from hrwros_msgs/CounterWithDelayGoal.msg[0m
[ 11%] [34m[1mGenerating Lisp code from hrwros_msgs/CounterWithDelayActionFeedback.msg[0m
[ 13%] [34m[1mGenerating Python from MSG hrwros_msgs/CounterWithDelayResult[0m
[ 14%] [34m[1mGenerating Lisp code from hrwros_msgs/CounterWithDelayActionGoal.msg[0m
[ 23%] Built target hrwros_msgs_generate_messages_lisp
[ 25%] [34m[1mGenerating Python from MSG hrwros_msgs/CounterWithDelayActionResult[0m
[ 26%] [34m[1mGenerating Javascript code from hrwros_msgs/CounterWithDelayFeedback.msg[0m
[ 27%] [34m[1mGenerating Javascript code from hrwros_msgs/CounterWithDelayAction.msg[0m
[ 29%] [34m[1mGenerating Javascript code from hrwros_msgs/CounterWithDelayResult.msg[0m
[ 30%] [34m[1mGenerating Python from MSG hrwros_msgs/CounterWithDelayGoal[0m
[ 32%] [34m[1mGenerating Javascript code from hrwros_msgs/CounterWithDelayActionResult.msg[0m
[ 33%] [34m[1mGenerating Javascript code from hrwros_msgs/CounterWithDelayGoal.msg[0m
[ 35%] [34m[1mGenerating Python from MSG hrwros_msgs/CounterWithDelayActionFeedback[0m
[ 36%] [34m[1mGenerating Javascript code from hrwros_msgs/CounterWithDelayActionFeedback.msg[0m
[ 38%] [34m[1mGenerating Javascript code from hrwros_msgs/CounterWithDelayActionGoal.msg[0m
[ 39%] [34m[1mGenerating Python from MSG hrwros_msgs/CounterWithDelayActionGoal[0m
[ 48%] Built target hrwros_msgs_generate_messages_nodejs
[ 50%] [34m[1mGenerating EusLisp code from hrwros_msgs/CounterWithDelayFeedback.msg[0m
[ 51%] [34m[1mGenerating Python msg __init__.py for hrwros_msgs[0m
[ 52%] [34m[1mGenerating EusLisp code from hrwros_msgs/CounterWithDelayAction.msg[0m
[ 54%] [34m[1mGenerating EusLisp code from hrwros_msgs/CounterWithDelayResult.msg[0m
[ 55%] [34m[1mGenerating Python srv __init__.py for hrwros_msgs[0m
[ 57%] [34m[1mGenerating EusLisp code from hrwros_msgs/CounterWithDelayActionResult.msg[0m
[ 66%] Built target hrwros_msgs_generate_messages_py
[ 67%] [34m[1mGenerating EusLisp code from hrwros_msgs/CounterWithDelayGoal.msg[0m
[ 69%] [34m[1mGenerating C++ code from hrwros_msgs/CounterWithDelayFeedback.msg[0m
[ 70%] [34m[1mGenerating EusLisp code from hrwros_msgs/CounterWithDelayActionFeedback.msg[0m
[ 72%] [34m[1mGenerating EusLisp code from hrwros_msgs/CounterWithDelayActionGoal.msg[0m
[ 73%] [34m[1mGenerating C++ code from hrwros_msgs/CounterWithDelayAction.msg[0m
[ 83%] Built target hrwros_msgs_generate_messages_eus
[ 85%] [34m[1mGenerating C++ code from hrwros_msgs/CounterWithDelayResult.msg[0m
[ 86%] [34m[1mGenerating C++ code from hrwros_msgs/CounterWithDelayActionResult.msg[0m
[ 88%] [34m[1mGenerating C++ code from hrwros_msgs/CounterWithDelayGoal.msg[0m
[ 89%] [34m[1mGenerating C++ code from hrwros_msgs/CounterWithDelayActionFeedback.msg[0m
[ 91%] [34m[1mGenerating C++ code from hrwros_msgs/CounterWithDelayActionGoal.msg[0m
[100%] Built target hrwros_msgs_generate_messages_cpp
[100%] Built target hrwros_msgs_generate_messages
