Determining if the pthread_create exist failed with the following output:
Change Dir: /home/xy/hrwros_ws/build/hrwros_week4/CMakeFiles/CMakeTmp

Run Build Command:"/usr/bin/make" "cmTC_92f49/fast"
/usr/bin/make -f CMakeFiles/cmTC_92f49.dir/build.make CMakeFiles/cmTC_92f49.dir/build
make[1]: Entering directory '/home/xy/hrwros_ws/build/hrwros_week4/CMakeFiles/CMakeTmp'
Building C object CMakeFiles/cmTC_92f49.dir/CheckSymbolExists.c.o
/usr/bin/cc    -o CMakeFiles/cmTC_92f49.dir/CheckSymbolExists.c.o   -c /home/xy/hrwros_ws/build/hrwros_week4/CMakeFiles/CMakeTmp/CheckSymbolExists.c
Linking C executable cmTC_92f49
/usr/bin/cmake -E cmake_link_script CMakeFiles/cmTC_92f49.dir/link.txt --verbose=1
/usr/bin/cc      -rdynamic CMakeFiles/cmTC_92f49.dir/CheckSymbolExists.c.o  -o cmTC_92f49 
CMakeFiles/cmTC_92f49.dir/CheckSymbolExists.c.o: In function `main':
CheckSymbolExists.c:(.text+0x1b): undefined reference to `pthread_create'
collect2: error: ld returned 1 exit status
CMakeFiles/cmTC_92f49.dir/build.make:97: recipe for target 'cmTC_92f49' failed
make[1]: *** [cmTC_92f49] Error 1
make[1]: Leaving directory '/home/xy/hrwros_ws/build/hrwros_week4/CMakeFiles/CMakeTmp'
Makefile:126: recipe for target 'cmTC_92f49/fast' failed
make: *** [cmTC_92f49/fast] Error 2

File /home/xy/hrwros_ws/build/hrwros_week4/CMakeFiles/CMakeTmp/CheckSymbolExists.c:
/* */
#include <pthread.h>

int main(int argc, char** argv)
{
  (void)argv;
#ifndef pthread_create
  return ((int*)(&pthread_create))[argc];
#else
  (void)argc;
  return 0;
#endif
}

Determining if the function pthread_create exists in the pthreads failed with the following output:
Change Dir: /home/xy/hrwros_ws/build/hrwros_week4/CMakeFiles/CMakeTmp

Run Build Command:"/usr/bin/make" "cmTC_c00bd/fast"
/usr/bin/make -f CMakeFiles/cmTC_c00bd.dir/build.make CMakeFiles/cmTC_c00bd.dir/build
make[1]: Entering directory '/home/xy/hrwros_ws/build/hrwros_week4/CMakeFiles/CMakeTmp'
Building C object CMakeFiles/cmTC_c00bd.dir/CheckFunctionExists.c.o
/usr/bin/cc   -DCHECK_FUNCTION_EXISTS=pthread_create   -o CMakeFiles/cmTC_c00bd.dir/CheckFunctionExists.c.o   -c /usr/share/cmake-3.10/Modules/CheckFunctionExists.c
Linking C executable cmTC_c00bd
/usr/bin/cmake -E cmake_link_script CMakeFiles/cmTC_c00bd.dir/link.txt --verbose=1
/usr/bin/cc  -DCHECK_FUNCTION_EXISTS=pthread_create    -rdynamic CMakeFiles/cmTC_c00bd.dir/CheckFunctionExists.c.o  -o cmTC_c00bd -lpthreads 
/usr/bin/ld: cannot find -lpthreads
collect2: error: ld returned 1 exit status
CMakeFiles/cmTC_c00bd.dir/build.make:97: recipe for target 'cmTC_c00bd' failed
make[1]: *** [cmTC_c00bd] Error 1
make[1]: Leaving directory '/home/xy/hrwros_ws/build/hrwros_week4/CMakeFiles/CMakeTmp'
Makefile:126: recipe for target 'cmTC_c00bd/fast' failed
make: *** [cmTC_c00bd/fast] Error 2


